CUSTOMER.firstname  CUSTOMER.sex  
ecwkloksdl	1	
cgpzkbofek	1	
mytcumcylu	0	
unmfcdcorg	1	
xfnnafzsqv	1	
buyxbxwntm	1	
xofmtwotpz	1	
mpedgaaprc	1	
jpdzycwjno	1	
ignzdwsrbu	1	
qgduwmlkng	0	
ywhwjsqhuk	0	
jeycxnsuej	1	
rgxyvqumut	0	
folozkezxk	1	
xmvziivapl	0	
xyzxvjlzph	1	
usdrymibfd	0	
qsvwzrietm	0	
arqqjsgoiu	0	
ekvjbpfbbl	0	
ldbmgcabcz	1	
fyfsrjbmbf	0	
pyjpinswhi	1	
kecdhupcaw	0	
daivojbnod	1	
lvqywvfdqe	1	
diuyvvaupo	0	
uuvdwmsome	0	
plnoqodmic	0	
pkdyusllhs	0	
kzhhkelmhm	1	
ygfjrdehlj	1	
jglnvntlgc	1	
egfkngsqed	1	
ubhtgmpovc	1	
rmvqpaabdg	1	
sxpzsysecj	0	
bdunzxtxcb	0	
nawgppjncr	0	
mzwczzjptx	0	
dagsomiive	1	
sgrpzbigmg	0	
zaeduyutlf	0	
zqiurklhgp	0	
qvwapjdizo	0	
egwvqcqiyq	1	
ljbenyiygd	0	
ieqecabhuz	1	
tltsuecvph	0	
zktnjcaxcl	1	
gdlegjuwmh	0	
ngvdnlwxyb	0	
mbdpvmsenn	1	
uswctdwkll	1	
syzhdvajye	1	
gngfuopkeg	1	
mdvcbfjfkc	1	
vcsjavqyfb	0	
lvohwskadt	1	
ogiizfqbsf	0	
ucorlxhiyo	0	
mgowkxlgmk	0	
mrdglyajlx	0	
kwqpvkssgb	0	
zxecciipny	1	
gebjtcpoha	1	
ajndsunrwx	0	
enuzovreej	0	
mknrhrbyhy	0	
zpptvvdfwo	0	
ovesahovlq	0	
huycgcwece	0	
kzpxgjklah	1	
dplmlnbxph	0	
tshtvlevqj	0	
tzitkicncy	1	
fvheiaexpr	0	
qgfkexbkgh	0	
hyamnzzxjp	1	
avaqfudlcl	0	
ehcutchqyw	1	
tujadydlgs	0	
fddyojmljq	0	
ozflugoabk	0	
cozeazrpre	0	
bohtmjcpmd	0	
wiqmabcueq	0	
jkqqetoxai	0	
stpkwtxdxf	0	
hgswmkklvw	0	
vyievcvqgs	0	
hkeiaghwau	0	
yyuzfqtdak	0	
rgedmlomko	0	
mkzzlncgva	1	
lverzjpykh	1	
mnjctddgyt	1	
ybiramhstc	0	
oxquyawmoi	1	
kdpqtfvqeu	1	
gqppexbmxn	1	
xyreayusgf	1	
omkfbeiski	0	
bkvyabbsjf	1	
ypzkcjadyv	0	
fbajkknfhd	0	
haozwebxrv	0	
unhmtnbvtg	0	
isfygaqieu	1	
qeftxxlxol	0	
rwwcezvulp	0	
lpkgwlleaz	0	
ltryuhndwo	1	
nwiulgobda	0	
ysbidwadrn	0	
urbfsjnvcf	1	
jmnueqcmzp	0	
nltrcaqqwr	1	
tpvuxeypls	1	
meyznhprwy	0	
gaaugspmuo	1	
ijtuorueqn	1	
cdmciyfiww	1	
sbpysbaobi	0	
ohhsxculmd	0	
azywvgximc	0	
qpfvgwcuea	0	
spteektspu	0	
pqdnxcbhts	0	
eqcionjisp	1	
rokfuuucou	1	
tlynodlptp	1	
ysclggbgab	1	
sfeuuxlwgp	0	
yqbbqqpcfh	1	
anrcpndlgm	0	
cqfzedoulv	1	
fsrirdjsmj	0	
nwnttukujy	0	
ktyluyfazn	1	
kztkgixtaa	0	
xfipdcthhp	0	
juzhpvcexh	1	
dammmrgxgw	1	
tkdmbgndke	1	
fpywuvhhlu	0	
igxznmbxkp	0	
xiulpksobm	0	
gtdsuuenjq	0	
ktfyaedfem	0	
cjygamsund	1	
boqhsktoup	0	
dfvfkcwfqo	1	
bozogvljwf	1	
gtokbfoiyg	0	
hajftfmjxz	1	
sxnfxqfoon	0	
udkttzsqac	1	
khxzawpwyh	0	
onwmpmakyk	0	
idoipfkzaf	0	
jymwayecrs	1	
ovhymqsric	1	
cpncfwkday	0	
ydktrcrubi	0	
gaaulbffqb	1	
aiecoslxuk	0	
tzhockhogi	0	
svccurfefh	0	
bobtdrqegg	0	
lywycaiqna	0	
ykdauxdsnp	0	
tfaxlwfbdr	0	
nqaedjxqmy	0	
lvrbrnstdy	1	
dytxlcewmk	1	
uqamdtxrly	0	
hvxtksbmzt	0	
ozqpuazcdi	1	
aoqqyooxik	0	
cuabkglhus	0	
smavaagnjj	0	
cuklnnzclm	0	
stmpbkjktc	0	
twjnctalmz	1	
xhhfpttxaq	0	
mzgfhkexyn	0	
dtcixqjhtk	1	
jtehivktlv	0	
sjwpjaxhfv	0	
cmcuibkppk	0	
doniyxfyyw	0	
fspnpgdtec	0	
rgavtipnmy	0	
nohsusihwr	0	
qriinozfep	0	
sllkqmzymo	0	
vnngqmczaa	1	
nhwxoxeyhm	1	
