CUSTOMER.cid  CUSTOMER.firstname  CUSTOMER.sex  CART.cartid  CART.status  
70	tzhockhogi	0	130	jqnrbyag	
180	vyievcvqgs	0	100	elsrhvbn	
40	folozkezxk	1	92	yqidusrb	
60	wiqmabcueq	0	155	yujxkrqp	
150	gebjtcpoha	1	10	afnvdaxx	
60	wiqmabcueq	0	76	cuipatci	
60	wiqmabcueq	0	187	grmgwoka	
90	ydktrcrubi	0	183	eijbwmlz	
80	ajndsunrwx	0	137	zoyricvx	
20	lverzjpykh	1	117	skhrhzdo	
160	nhwxoxeyhm	1	157	znlpymee	
130	mgowkxlgmk	0	186	mcxzcqho	
120	ignzdwsrbu	1	102	dklnihag	
120	ignzdwsrbu	1	158	cyrkndmk	
141	tzitkicncy	1	61	gxzizpyq	
1	oxquyawmoi	1	164	txuheznb	
151	fspnpgdtec	0	5	jzrovwir	
31	uuvdwmsome	0	1	pyomqgyn	
71	ltryuhndwo	1	105	yefzajgq	
71	ltryuhndwo	1	99	lsafpdzf	
131	haozwebxrv	0	163	qmocjzhg	
141	tzitkicncy	1	145	ibplpugy	
61	vcsjavqyfb	0	134	wmcmktcm	
111	ldbmgcabcz	1	21	kbqxmudc	
91	dtcixqjhtk	1	31	rvkashta	
101	ngvdnlwxyb	0	154	mrensvts	
181	pyjpinswhi	1	197	tbcwrgdi	
181	pyjpinswhi	1	86	skbglavg	
21	igxznmbxkp	0	104	zotsmpov	
151	fspnpgdtec	0	193	ubrfpuyx	
121	rwwcezvulp	0	7	xeukuzzu	
101	ngvdnlwxyb	0	38	yyazonnh	
131	haozwebxrv	0	101	olhteuod	
41	jkqqetoxai	0	70	wtksgusn	
152	gaaugspmuo	1	35	puxahvnz	
112	ovesahovlq	0	27	iqxcpcvi	
82	yyuzfqtdak	0	150	graofatk	
192	stmpbkjktc	0	136	vzrdyoya	
52	ieqecabhuz	1	73	andrrsku	
102	gngfuopkeg	1	191	kjmlidtr	
2	ykdauxdsnp	0	143	pxcwlrwa	
112	ovesahovlq	0	168	oauduwwa	
132	cmcuibkppk	0	176	rduvbeaz	
2	ykdauxdsnp	0	188	orpfqjgy	
162	ubhtgmpovc	1	44	snybbruk	
62	kdpqtfvqeu	1	162	blcojgdu	
112	ovesahovlq	0	87	jizwumgv	
132	cmcuibkppk	0	2	lwhqawxj	
192	stmpbkjktc	0	114	ynltjxpo	
192	stmpbkjktc	0	196	hazslwua	
63	sxpzsysecj	0	28	xbjdazfl	
93	zqiurklhgp	0	119	gjgbkumh	
33	mknrhrbyhy	0	120	aejmordq	
143	ywhwjsqhuk	0	22	mvkxcqsi	
113	usdrymibfd	0	180	ssepcosu	
93	zqiurklhgp	0	129	rzxyjiey	
143	ywhwjsqhuk	0	23	vztqgeai	
13	nohsusihwr	0	156	vefzoskw	
193	tshtvlevqj	0	112	asawzblt	
23	isfygaqieu	1	9	hbxlnttl	
133	nqaedjxqmy	0	171	ctddunii	
33	mknrhrbyhy	0	170	jlvuzpjs	
73	mpedgaaprc	1	149	qhghsklx	
173	ovhymqsric	1	65	mmosndrf	
153	kztkgixtaa	0	194	ybwwaaei	
33	mknrhrbyhy	0	0	ngbsywdi	
123	mytcumcylu	0	3	lzxrklxb	
93	zqiurklhgp	0	121	tyodbsou	
153	kztkgixtaa	0	30	fekrbhtt	
53	cgpzkbofek	1	131	yyzcmjsz	
64	fbajkknfhd	0	71	ktvqlhjb	
124	mkzzlncgva	1	189	uodrncnn	
144	qpfvgwcuea	0	81	uxuuuepn	
44	jymwayecrs	1	64	ijxkvfeb	
124	mkzzlncgva	1	94	fodzjbam	
114	sjwpjaxhfv	0	190	mceoaove	
144	qpfvgwcuea	0	68	swrtmbes	
64	fbajkknfhd	0	62	dgzodayf	
14	twjnctalmz	1	140	iptodcfi	
174	nltrcaqqwr	1	133	rtqfaexf	
104	tfaxlwfbdr	0	32	qklnqezi	
14	twjnctalmz	1	113	twqknzmj	
134	huycgcwece	0	139	kgtwvkpd	
64	fbajkknfhd	0	147	rvjvhypw	
34	jmnueqcmzp	0	72	pnavxgwb	
24	lywycaiqna	0	172	ukftuxot	
84	xyreayusgf	1	49	quldlnpw	
14	twjnctalmz	1	84	reyglbuy	
24	lywycaiqna	0	96	xyuypold	
34	jmnueqcmzp	0	181	nmmgvdnf	
154	hgswmkklvw	0	19	zyvdbkda	
25	fddyojmljq	0	123	lytnqiyq	
55	tpvuxeypls	1	127	ntcfehlh	
135	xhhfpttxaq	0	24	drrsegif	
5	rmvqpaabdg	1	109	qvezeykx	
105	egwvqcqiyq	1	42	gwdcwfdg	
175	ybiramhstc	0	12	kdyouybc	
185	hkeiaghwau	0	36	knomuakc	
115	xofmtwotpz	1	75	vwjmavon	
5	rmvqpaabdg	1	60	gqzkvxho	
115	xofmtwotpz	1	40	jcbilatz	
145	bkvyabbsjf	1	124	cznzlaep	
175	ybiramhstc	0	122	qrcialex	
155	dplmlnbxph	0	132	vewjvmeb	
135	xhhfpttxaq	0	195	dzjfldti	
85	qgfkexbkgh	0	93	gdakgemq	
35	onwmpmakyk	0	16	pmephktj	
35	onwmpmakyk	0	63	ohcrqhba	
85	qgfkexbkgh	0	160	kshzblef	
15	sbpysbaobi	0	88	fokymfkd	
85	qgfkexbkgh	0	69	fscjsuhe	
115	xofmtwotpz	1	151	fmxvhpaq	
155	dplmlnbxph	0	103	qtijjnnc	
65	bobtdrqegg	0	80	uyevwtpf	
115	xofmtwotpz	1	45	vimqgujt	
46	meyznhprwy	0	53	umfojgjh	
136	kecdhupcaw	0	58	kcdisuws	
36	urbfsjnvcf	1	153	giolucnj	
136	kecdhupcaw	0	14	xgtacpeg	
126	nwiulgobda	0	108	ulzdrnwa	
196	fvheiaexpr	0	15	gzfnaewz	
76	mzwczzjptx	0	184	ahvulivp	
156	rgavtipnmy	0	83	sqrdtyaf	
56	ljbenyiygd	0	115	atsmnojs	
16	ogiizfqbsf	0	25	ndbrdexe	
26	uswctdwkll	1	50	skactywe	
36	urbfsjnvcf	1	90	fvgpzofz	
16	ogiizfqbsf	0	138	tadncurz	
166	hyamnzzxjp	1	11	mlotuklu	
66	aiecoslxuk	0	20	jsqteitn	
56	ljbenyiygd	0	77	euqkkfqw	
126	nwiulgobda	0	29	wkpnsoij	
166	hyamnzzxjp	1	17	pwenxmsy	
6	hvxtksbmzt	0	142	exeyuyct	
96	mdvcbfjfkc	1	48	ofmbdlov	
176	sllkqmzymo	0	198	migajrba	
126	nwiulgobda	0	192	dmcehzfn	
6	hvxtksbmzt	0	148	alcivjlp	
136	kecdhupcaw	0	56	hwqquqxh	
26	uswctdwkll	1	54	pmhcfcol	
156	rgavtipnmy	0	107	tlvjolil	
76	mzwczzjptx	0	118	kwmjgokp	
136	kecdhupcaw	0	74	efbyemfd	
126	nwiulgobda	0	173	qtvhnhoi	
157	khxzawpwyh	0	106	rqhkixhm	
7	lvrbrnstdy	1	110	nirywkcq	
197	lvohwskadt	1	41	pstthevd	
57	ucorlxhiyo	0	66	mmfeemxk	
57	ucorlxhiyo	0	141	jnklzxhl	
137	egfkngsqed	1	82	zgzdahuk	
7	lvrbrnstdy	1	52	tyfzorbg	
197	lvohwskadt	1	177	tnuhmpjy	
127	sgrpzbigmg	0	46	vxwztsjy	
7	lvrbrnstdy	1	135	lzpwgwek	
107	vnngqmczaa	1	79	xatwemkv	
7	lvrbrnstdy	1	37	zdbsrexo	
107	vnngqmczaa	1	169	ohzobtzg	
7	lvrbrnstdy	1	18	jdifgzah	
47	arqqjsgoiu	0	178	ddmobnxn	
47	arqqjsgoiu	0	144	oxuwywcp	
117	omkfbeiski	0	174	epwknoqu	
147	nawgppjncr	0	47	tlgeibxr	
157	khxzawpwyh	0	67	obivbixv	
87	jpdzycwjno	1	199	muhgalpw	
37	kwqpvkssgb	0	98	dirmefns	
137	egfkngsqed	1	126	torpuect	
77	spteektspu	0	152	jrlsqbkv	
7	lvrbrnstdy	1	159	rfhzeaua	
118	gtokbfoiyg	0	185	bqncvbti	
198	zxecciipny	1	166	qmrdfqvw	
88	ohhsxculmd	0	146	kwoynoxy	
188	qvwapjdizo	0	95	urkxjcof	
78	udkttzsqac	1	13	pmcuhqkd	
138	bozogvljwf	1	26	snjnsixt	
108	doniyxfyyw	0	97	xjshwfeg	
158	syzhdvajye	1	111	gpursjni	
118	gtokbfoiyg	0	51	jvcalwwy	
88	ohhsxculmd	0	34	qvvoykgc	
128	jtehivktlv	0	167	vqtdchgk	
148	yqbbqqpcfh	1	89	gsbijxqs	
48	fsrirdjsmj	0	33	kxrnegea	
48	fsrirdjsmj	0	55	rtxtnxbi	
29	mnjctddgyt	1	78	xssgycpe	
189	qgduwmlkng	0	182	lgqbnmfl	
39	daivojbnod	1	116	wedxbzbr	
59	unmfcdcorg	1	39	flgkfgcu	
69	azywvgximc	0	128	ebhrneiv	
9	jeycxnsuej	1	57	ouoqmifn	
79	diuyvvaupo	0	85	sqiphkkf	
179	avaqfudlcl	0	59	lmizvttd	
149	boqhsktoup	0	4	vcdfjbiq	
119	nwnttukujy	0	43	gsdcppuj	
129	mbdpvmsenn	1	125	qmesjwfn	
59	unmfcdcorg	1	175	zivikupm	
79	diuyvvaupo	0	161	cqvqfchj	
149	boqhsktoup	0	8	vitkntsv	
29	mnjctddgyt	1	179	bkoxtnzh	
169	uqamdtxrly	0	91	pxmvbkgg	
169	uqamdtxrly	0	165	oeygexwg	
169	uqamdtxrly	0	6	veiwbczm	
